### Load option
### Load data
### Build vocabulary
### Convert text to id
### Add bos, eos and truncate data
### Build iterator
### Build net
使用的模型为： Seq2SeqModel(
  (encoder): Encoder(
    (embedding): Embedding(30000, 64)
    (rnn): LSTM(64, 64, num_layers=2, dropout=0.3, bidirectional=True)
  )
  (decoder): Decoder(
    (embedding): Embedding(30000, 64)
    (rnn): StackedLSTM(
      (dropout): Dropout(p=0.3, inplace=False)
      (layers): ModuleList(
        (0): LSTMCell(192, 128)
        (1): LSTMCell(128, 128)
      )
    )
    (attention): AdditiveAttention(
      (W1): Linear(in_features=256, out_features=256, bias=False)
      (w2): Linear(in_features=256, out_features=1, bias=False)
      (dropout): Dropout(p=0.3, inplace=False)
    )
    (dense): Linear(in_features=128, out_features=30000, bias=True)
  )
)
参数个数为： 8238640
### Build optimizer and loss
Start training ...
Epoch = 0
cuda
